2026-02-16 10:48:50.431 [main] INFO  c.s.ShopjoyEcommerceSystemApplication - Starting ShopjoyEcommerceSystemApplication using Java 25.0.1 with PID 24188 (C:\Users\EugeneDokyeAnokye\IdeaProjects\spring-data-ecommerce\target\classes started by EugeneDokyeAnokye in C:\Users\EugeneDokyeAnokye\IdeaProjects\spring-data-ecommerce)
2026-02-16 10:48:50.441 [main] DEBUG c.s.ShopjoyEcommerceSystemApplication - Running with Spring Boot v4.0.1, Spring v7.0.2
2026-02-16 10:48:50.442 [main] INFO  c.s.ShopjoyEcommerceSystemApplication - The following 1 profile is active: "dev"
2026-02-16 10:48:51.635 [background-preinit] INFO  o.h.validator.internal.util.Version - HV000001: Hibernate Validator 9.0.1.Final
2026-02-16 10:48:53.892 [main] INFO  o.s.d.r.c.RepositoryConfigurationDelegate - Bootstrapping Spring Data JPA repositories in DEFAULT mode.
2026-02-16 10:48:54.294 [main] INFO  o.s.d.r.c.RepositoryConfigurationDelegate - Finished Spring Data repository scanning in 388 ms. Found 9 JPA repository interfaces.
2026-02-16 10:48:56.571 [main] INFO  o.s.boot.tomcat.TomcatWebServer - Tomcat initialized with port 8080 (http)
2026-02-16 10:48:56.593 [main] INFO  o.a.coyote.http11.Http11NioProtocol - Initializing ProtocolHandler ["http-nio-8080"]
2026-02-16 10:48:56.597 [main] INFO  o.a.catalina.core.StandardService - Starting service [Tomcat]
2026-02-16 10:48:56.597 [main] INFO  o.a.catalina.core.StandardEngine - Starting Servlet engine: [Apache Tomcat/11.0.15]
2026-02-16 10:48:56.759 [main] INFO  o.s.b.w.c.s.WebApplicationContextInitializer - Root WebApplicationContext: initialization completed in 6209 ms
2026-02-16 10:48:58.221 [main] INFO  org.hibernate.orm.jpa - HHH008540: Processing PersistenceUnitInfo [name: default]
2026-02-16 10:48:58.322 [main] INFO  org.hibernate.orm.core - HHH000001: Hibernate ORM core version 7.2.0.Final
2026-02-16 10:48:59.060 [main] INFO  o.s.o.j.p.SpringPersistenceUnitInfo - No LoadTimeWeaver setup: ignoring JPA class transformer
2026-02-16 10:48:59.099 [main] INFO  com.zaxxer.hikari.HikariDataSource - HikariPool-1 - Starting...
2026-02-16 10:48:59.374 [main] INFO  com.zaxxer.hikari.pool.HikariPool - HikariPool-1 - Added connection org.postgresql.jdbc.PgConnection@154fcedd
2026-02-16 10:48:59.377 [main] INFO  com.zaxxer.hikari.HikariDataSource - HikariPool-1 - Start completed.
2026-02-16 10:48:59.500 [main] INFO  o.hibernate.orm.connections.pooling - HHH10001005: Database info:
	Database JDBC URL [jdbc:postgresql://localhost:5432/shopjoy_db]
	Database driver: PostgreSQL JDBC Driver
	Database dialect: PostgreSQLDialect
	Database version: 18.1
	Default catalog/schema: shopjoy_db/public
	Autocommit mode: undefined/unknown
	Isolation level: READ_COMMITTED [default READ_COMMITTED]
	JDBC fetch size: none
	Pool: DataSourceConnectionProvider
	Minimum pool size: undefined/unknown
	Maximum pool size: undefined/unknown
2026-02-16 10:49:01.514 [main] INFO  org.hibernate.orm.core - HHH000489: No JTA platform available (set 'hibernate.transaction.jta.platform' to enable JTA platform integration)
2026-02-16 10:49:01.689 [main] INFO  o.s.o.j.LocalContainerEntityManagerFactoryBean - Initialized JPA EntityManagerFactory for persistence unit 'default'
2026-02-16 10:49:02.676 [main] INFO  o.s.d.j.r.q.QueryEnhancerFactories - Hibernate is in classpath; If applicable, HQL parser will be used.
2026-02-16 10:49:09.378 [main] INFO  o.s.g.e.DefaultSchemaResourceGraphQlSourceBuilder - Loaded 1 resource(s) in the GraphQL schema.
2026-02-16 10:49:09.710 [main] INFO  o.s.b.g.a.GraphQlAutoConfiguration - GraphQL schema inspection:
	Unmapped fields: {OrderItem=[orderId, product, createdAt], Inventory=[reservedQuantity]}
	Unmapped registrations: {}
	Unmapped arguments: {}
	Field nullness errors: {}
	Argument nullness errors: {}
	Skipped types: []
2026-02-16 10:49:09.763 [main] INFO  o.s.b.g.a.s.GraphQlWebMvcAutoConfiguration - GraphQL endpoint HTTP POST /graphql
2026-02-16 10:49:11.251 [main] INFO  o.s.b.a.e.web.EndpointLinksResolver - Exposing 1 endpoint beneath base path '/actuator'
2026-02-16 10:49:11.349 [main] INFO  o.a.coyote.http11.Http11NioProtocol - Starting ProtocolHandler ["http-nio-8080"]
2026-02-16 10:49:11.369 [main] INFO  o.s.boot.tomcat.TomcatWebServer - Tomcat started on port 8080 (http) with context path '/'
2026-02-16 10:49:11.380 [main] INFO  c.s.ShopjoyEcommerceSystemApplication - Started ShopjoyEcommerceSystemApplication in 22.058 seconds (process running for 23.362)
2026-02-16 10:49:11.511 [main] INFO  c.s.config.AdminUserInitializer - Checking for existing admin user with username: admin
2026-02-16 10:49:11.521 [main] DEBUG o.s.jdbc.datasource.DataSourceUtils - Setting JDBC Connection [HikariProxyConnection@1822882124 wrapping org.postgresql.jdbc.PgConnection@154fcedd] read-only
2026-02-16 10:49:11.528 [main] INFO  com.shopjoy.aspect.LoggingAspect - [2026-02-16 10:49:11.528] ENTERING: UserServiceImpl.isUsernameTaken with arguments: [admin]
2026-02-16 10:49:11.535 [main] INFO  c.shopjoy.aspect.TransactionAspect - [2026-02-16 10:49:11.535] TRANSACTION START: UserServiceImpl.isUsernameTaken(String)
2026-02-16 10:49:11.630 [main] DEBUG org.hibernate.SQL - 
    select
        u1_0.user_id 
    from
        users u1_0 
    where
        u1_0.username=? 
    fetch
        first ? rows only
2026-02-16 10:49:11.651 [main] INFO  c.shopjoy.aspect.TransactionAspect - [2026-02-16 10:49:11.651] TRANSACTION COMMIT: UserServiceImpl.isUsernameTaken(String)
2026-02-16 10:49:11.652 [main] INFO  com.shopjoy.aspect.LoggingAspect - [2026-02-16 10:49:11.652] EXITING: UserServiceImpl.isUsernameTaken returned: Boolean
2026-02-16 10:49:11.656 [main] DEBUG o.s.jdbc.datasource.DataSourceUtils - Resetting read-only flag of JDBC Connection [HikariProxyConnection@1822882124 wrapping org.postgresql.jdbc.PgConnection@154fcedd]
2026-02-16 10:49:11.656 [main] INFO  c.s.config.AdminUserInitializer - Admin user 'admin' already exists, skipping creation
2026-02-16 10:49:11.657 [main] WARN  o.s.c.events.SpringDocAppInitializer - SpringDoc /api-docs endpoint is enabled by default. To disable it in production, set the property 'springdoc.api-docs.enabled=false'
2026-02-16 10:54:48.889 [SpringApplicationShutdownHook] INFO  o.s.boot.tomcat.GracefulShutdown - Commencing graceful shutdown. Waiting for active requests to complete
2026-02-16 10:54:48.931 [tomcat-shutdown] INFO  o.s.boot.tomcat.GracefulShutdown - Graceful shutdown complete
2026-02-16 10:54:48.954 [SpringApplicationShutdownHook] INFO  o.s.o.j.LocalContainerEntityManagerFactoryBean - Closing JPA EntityManagerFactory for persistence unit 'default'
2026-02-16 10:54:48.959 [SpringApplicationShutdownHook] INFO  com.zaxxer.hikari.HikariDataSource - HikariPool-1 - Shutdown initiated...
2026-02-16 10:54:48.967 [SpringApplicationShutdownHook] INFO  com.zaxxer.hikari.HikariDataSource - HikariPool-1 - Shutdown completed.
